<?xml version="1.0" encoding="UTF-8"?>
<testsuite xmlns:xsi="http://www.w3.org/2001/XMLSchema-instance" xsi:noNamespaceSchemaLocation="https://maven.apache.org/surefire/maven-surefire-plugin/xsd/surefire-test-report-3.0.xsd" version="3.0" name="CitaMedicaTest" time="0.088" tests="8" errors="6" skipped="0" failures="1">
  <properties>
    <property name="java.specification.version" value="21"/>
    <property name="sun.cpu.isalist" value="amd64"/>
    <property name="sun.jnu.encoding" value="UTF-8"/>
    <property name="java.class.path" value="C:\Users\CltControl\Downloads\Repository\Taller09-JUnit\SistemaCitasMedicas\target\test-classes;C:\Users\CltControl\Downloads\Repository\Taller09-JUnit\SistemaCitasMedicas\target\classes;C:\Users\CltControl\.m2\repository\org\junit\jupiter\junit-jupiter-api\5.10.2\junit-jupiter-api-5.10.2.jar;C:\Users\CltControl\.m2\repository\org\opentest4j\opentest4j\1.3.0\opentest4j-1.3.0.jar;C:\Users\CltControl\.m2\repository\org\junit\platform\junit-platform-commons\1.10.2\junit-platform-commons-1.10.2.jar;C:\Users\CltControl\.m2\repository\org\apiguardian\apiguardian-api\1.1.2\apiguardian-api-1.1.2.jar;C:\Users\CltControl\.m2\repository\org\junit\jupiter\junit-jupiter-params\5.10.2\junit-jupiter-params-5.10.2.jar;C:\Users\CltControl\.m2\repository\org\junit\jupiter\junit-jupiter-engine\5.10.2\junit-jupiter-engine-5.10.2.jar;C:\Users\CltControl\.m2\repository\org\junit\platform\junit-platform-engine\1.10.2\junit-platform-engine-1.10.2.jar;"/>
    <property name="java.vm.vendor" value="Oracle Corporation"/>
    <property name="sun.arch.data.model" value="64"/>
    <property name="user.variant" value=""/>
    <property name="java.vendor.url" value="https://java.oracle.com/"/>
    <property name="user.timezone" value="America/Guayaquil"/>
    <property name="os.name" value="Windows 11"/>
    <property name="java.vm.specification.version" value="21"/>
    <property name="user.country" value="EC"/>
    <property name="sun.java.launcher" value="SUN_STANDARD"/>
    <property name="sun.boot.library.path" value="C:\Program Files\Java\jdk-21\bin"/>
    <property name="sun.java.command" value="C:\Users\CltControl\AppData\Local\Temp\surefire1659266417702909462\surefirebooter-20250728143709521_3.jar C:\Users\CltControl\AppData\Local\Temp\surefire1659266417702909462 2025-07-28T14-37-09_411-jvmRun1 surefire-20250728143709521_1tmp surefire_0-20250728143709521_2tmp"/>
    <property name="jdk.debug" value="release"/>
    <property name="test" value="CitaMedicaTest"/>
    <property name="surefire.test.class.path" value="C:\Users\CltControl\Downloads\Repository\Taller09-JUnit\SistemaCitasMedicas\target\test-classes;C:\Users\CltControl\Downloads\Repository\Taller09-JUnit\SistemaCitasMedicas\target\classes;C:\Users\CltControl\.m2\repository\org\junit\jupiter\junit-jupiter-api\5.10.2\junit-jupiter-api-5.10.2.jar;C:\Users\CltControl\.m2\repository\org\opentest4j\opentest4j\1.3.0\opentest4j-1.3.0.jar;C:\Users\CltControl\.m2\repository\org\junit\platform\junit-platform-commons\1.10.2\junit-platform-commons-1.10.2.jar;C:\Users\CltControl\.m2\repository\org\apiguardian\apiguardian-api\1.1.2\apiguardian-api-1.1.2.jar;C:\Users\CltControl\.m2\repository\org\junit\jupiter\junit-jupiter-params\5.10.2\junit-jupiter-params-5.10.2.jar;C:\Users\CltControl\.m2\repository\org\junit\jupiter\junit-jupiter-engine\5.10.2\junit-jupiter-engine-5.10.2.jar;C:\Users\CltControl\.m2\repository\org\junit\platform\junit-platform-engine\1.10.2\junit-platform-engine-1.10.2.jar;"/>
    <property name="sun.cpu.endian" value="little"/>
    <property name="user.home" value="C:\Users\CltControl"/>
    <property name="user.language" value="es"/>
    <property name="java.specification.vendor" value="Oracle Corporation"/>
    <property name="java.version.date" value="2024-01-16"/>
    <property name="java.home" value="C:\Program Files\Java\jdk-21"/>
    <property name="file.separator" value="\"/>
    <property name="basedir" value="C:\Users\CltControl\Downloads\Repository\Taller09-JUnit\SistemaCitasMedicas"/>
    <property name="java.vm.compressedOopsMode" value="32-bit"/>
    <property name="line.separator" value="&#10;"/>
    <property name="java.vm.specification.vendor" value="Oracle Corporation"/>
    <property name="java.specification.name" value="Java Platform API Specification"/>
    <property name="surefire.real.class.path" value="C:\Users\CltControl\AppData\Local\Temp\surefire1659266417702909462\surefirebooter-20250728143709521_3.jar"/>
    <property name="user.script" value=""/>
    <property name="sun.management.compiler" value="HotSpot 64-Bit Tiered Compilers"/>
    <property name="java.runtime.version" value="21.0.2+13-LTS-58"/>
    <property name="user.name" value="CltControl"/>
    <property name="stdout.encoding" value="UTF-8"/>
    <property name="path.separator" value=";"/>
    <property name="os.version" value="10.0"/>
    <property name="java.runtime.name" value="Java(TM) SE Runtime Environment"/>
    <property name="file.encoding" value="UTF-8"/>
    <property name="java.vm.name" value="Java HotSpot(TM) 64-Bit Server VM"/>
    <property name="maven.ext.class.path" value="C:\Program Files\NetBeans-22\netbeans\java\maven-nblib\netbeans-eventspy.jar"/>
    <property name="localRepository" value="C:\Users\CltControl\.m2\repository"/>
    <property name="java.vendor.url.bug" value="https://bugreport.java.com/bugreport/"/>
    <property name="java.io.tmpdir" value="C:\Users\CLTCON~1\AppData\Local\Temp\"/>
    <property name="java.version" value="21.0.2"/>
    <property name="user.dir" value="C:\Users\CltControl\Downloads\Repository\Taller09-JUnit\SistemaCitasMedicas"/>
    <property name="os.arch" value="amd64"/>
    <property name="java.vm.specification.name" value="Java Virtual Machine Specification"/>
    <property name="sun.os.patch.level" value=""/>
    <property name="native.encoding" value="UTF-8"/>
    <property name="java.library.path" value="C:\Program Files\Java\jdk-21\bin;C:\WINDOWS\Sun\Java\bin;C:\WINDOWS\system32;C:\WINDOWS;C:\Program Files (x86)\VMware\VMware Player\bin\;C:\Python 3.12.1\Scripts\;C:\Python 3.12.1\;C:\Program Files\Common Files\Oracle\Java\javapath;C:\Program Files (x86)\Common Files\Oracle\Java\java8path;C:\Program Files (x86)\Common Files\Oracle\Java\javapath;C:\WINDOWS\system32;C:\WINDOWS;C:\WINDOWS\System32\Wbem;C:\WINDOWS\System32\WindowsPowerShell\v1.0\;C:\WINDOWS\System32\OpenSSH\;C:\Program Files\nodejs\;C:\Gradle 8.5\gradle-8.5-bin\gradle-8.5\bin;C:\Program Files\dotnet\;C:\Program Files\Git\cmd;C:\Users\CltControl\AppData\Local\Microsoft\WindowsApps;C:\Users\CltControl\AppData\Local\GitHubDesktop\bin;C:\Users\CltControl\AppData\Local\Programs\Microsoft VS Code\bin;C:\Users\CltControl\AppData\Roaming\npm;;."/>
    <property name="java.vm.info" value="mixed mode, sharing"/>
    <property name="stderr.encoding" value="UTF-8"/>
    <property name="java.vendor" value="Oracle Corporation"/>
    <property name="java.vm.version" value="21.0.2+13-LTS-58"/>
    <property name="sun.io.unicode.encoding" value="UnicodeLittle"/>
    <property name="java.class.version" value="65.0"/>
  </properties>
  <testcase name="testGetPaciente" classname="CitaMedicaTest" time="0.031">
    <error message="Cannot invoke &quot;CitaMedica.getPaciente()&quot; because &quot;instance&quot; is null" type="java.lang.NullPointerException"><![CDATA[java.lang.NullPointerException: Cannot invoke "CitaMedica.getPaciente()" because "instance" is null
	at CitaMedicaTest.testGetPaciente(CitaMedicaTest.java:74)
	at java.base/java.lang.reflect.Method.invoke(Method.java:580)
	at java.base/java.util.ArrayList.forEach(ArrayList.java:1596)
	at java.base/java.util.ArrayList.forEach(ArrayList.java:1596)
]]></error>
    <system-out><![CDATA[getPaciente
]]></system-out>
  </testcase>
  <testcase name="testSetEstado_CM2_nullAllowed" classname="CitaMedicaTest" time="0.006"/>
  <testcase name="testToString" classname="CitaMedicaTest" time="0.001">
    <error message="Cannot invoke &quot;CitaMedica.toString()&quot; because &quot;instance&quot; is null" type="java.lang.NullPointerException"><![CDATA[java.lang.NullPointerException: Cannot invoke "CitaMedica.toString()" because "instance" is null
	at CitaMedicaTest.testToString(CitaMedicaTest.java:143)
	at java.base/java.lang.reflect.Method.invoke(Method.java:580)
	at java.base/java.util.ArrayList.forEach(ArrayList.java:1596)
	at java.base/java.util.ArrayList.forEach(ArrayList.java:1596)
]]></error>
    <system-out><![CDATA[toString
]]></system-out>
  </testcase>
  <testcase name="testSetEstado" classname="CitaMedicaTest" time="0.001">
    <error message="Cannot invoke &quot;CitaMedica.setEstado(String)&quot; because &quot;instance&quot; is null" type="java.lang.NullPointerException"><![CDATA[java.lang.NullPointerException: Cannot invoke "CitaMedica.setEstado(String)" because "instance" is null
	at CitaMedicaTest.testSetEstado(CitaMedicaTest.java:130)
	at java.base/java.lang.reflect.Method.invoke(Method.java:580)
	at java.base/java.util.ArrayList.forEach(ArrayList.java:1596)
	at java.base/java.util.ArrayList.forEach(ArrayList.java:1596)
]]></error>
    <system-out><![CDATA[setEstado
]]></system-out>
  </testcase>
  <testcase name="testGetEstado" classname="CitaMedicaTest" time="0.002">
    <error message="Cannot invoke &quot;CitaMedica.getEstado()&quot; because &quot;instance&quot; is null" type="java.lang.NullPointerException"><![CDATA[java.lang.NullPointerException: Cannot invoke "CitaMedica.getEstado()" because "instance" is null
	at CitaMedicaTest.testGetEstado(CitaMedicaTest.java:116)
	at java.base/java.lang.reflect.Method.invoke(Method.java:580)
	at java.base/java.util.ArrayList.forEach(ArrayList.java:1596)
	at java.base/java.util.ArrayList.forEach(ArrayList.java:1596)
]]></error>
    <system-out><![CDATA[getEstado
]]></system-out>
  </testcase>
  <testcase name="testGetMedico" classname="CitaMedicaTest" time="0.0">
    <error message="Cannot invoke &quot;CitaMedica.getMedico()&quot; because &quot;instance&quot; is null" type="java.lang.NullPointerException"><![CDATA[java.lang.NullPointerException: Cannot invoke "CitaMedica.getMedico()" because "instance" is null
	at CitaMedicaTest.testGetMedico(CitaMedicaTest.java:88)
	at java.base/java.lang.reflect.Method.invoke(Method.java:580)
	at java.base/java.util.ArrayList.forEach(ArrayList.java:1596)
	at java.base/java.util.ArrayList.forEach(ArrayList.java:1596)
]]></error>
    <system-out><![CDATA[getMedico
]]></system-out>
  </testcase>
  <testcase name="testToString_CM1" classname="CitaMedicaTest" time="0.0">
    <failure message="expected: &lt;Cita con Dra. Susana - Cardiología para Axel Roman (1234567890) en 2025-08-10T15:30 [Agendada]&gt; but was: &lt;Cita con Dra. Susana - Cardiologia para Axel Roman (1234567890) en 2025-08-10T15:30 [Agendada]&gt;" type="org.opentest4j.AssertionFailedError"><![CDATA[org.opentest4j.AssertionFailedError: expected: <Cita con Dra. Susana - Cardiología para Axel Roman (1234567890) en 2025-08-10T15:30 [Agendada]> but was: <Cita con Dra. Susana - Cardiologia para Axel Roman (1234567890) en 2025-08-10T15:30 [Agendada]>
	at org.junit.jupiter.api.AssertionFailureBuilder.build(AssertionFailureBuilder.java:151)
	at org.junit.jupiter.api.AssertionFailureBuilder.buildAndThrow(AssertionFailureBuilder.java:132)
	at org.junit.jupiter.api.AssertEquals.failNotEqual(AssertEquals.java:197)
	at org.junit.jupiter.api.AssertEquals.assertEquals(AssertEquals.java:182)
	at org.junit.jupiter.api.AssertEquals.assertEquals(AssertEquals.java:177)
	at org.junit.jupiter.api.Assertions.assertEquals(Assertions.java:1145)
	at CitaMedicaTest.testToString_CM1(CitaMedicaTest.java:49)
	at java.base/java.lang.reflect.Method.invoke(Method.java:580)
	at java.base/java.util.ArrayList.forEach(ArrayList.java:1596)
	at java.base/java.util.ArrayList.forEach(ArrayList.java:1596)
]]></failure>
  </testcase>
  <testcase name="testGetFechaHora" classname="CitaMedicaTest" time="0.0">
    <error message="Cannot invoke &quot;CitaMedica.getFechaHora()&quot; because &quot;instance&quot; is null" type="java.lang.NullPointerException"><![CDATA[java.lang.NullPointerException: Cannot invoke "CitaMedica.getFechaHora()" because "instance" is null
	at CitaMedicaTest.testGetFechaHora(CitaMedicaTest.java:102)
	at java.base/java.lang.reflect.Method.invoke(Method.java:580)
	at java.base/java.util.ArrayList.forEach(ArrayList.java:1596)
	at java.base/java.util.ArrayList.forEach(ArrayList.java:1596)
]]></error>
    <system-out><![CDATA[getFechaHora
]]></system-out>
  </testcase>
</testsuite>